
C:\Users\ferre\Desktop\New folder\carteira\index.js
  25:5  error  'itemsAPI' is assigned a value but never used  no-unused-vars

C:\Users\ferre\Desktop\New folder\carteira\server\items-api.js
   56:6   error  Unexpected constant condition                                    no-constant-condition
   56:9   error  Expected a conditional expression and instead saw an assignment  no-cond-assign
   75:13  error  'i' is already defined                                           no-redeclare
   98:2   error  Mixed spaces and tabs                                            no-mixed-spaces-and-tabs
  108:13  error  Empty block statement                                            no-empty
  110:2   error  Mixed spaces and tabs                                            no-mixed-spaces-and-tabs
  111:2   error  Mixed spaces and tabs                                            no-mixed-spaces-and-tabs
  113:2   error  Mixed spaces and tabs                                            no-mixed-spaces-and-tabs
  114:2   error  Mixed spaces and tabs                                            no-mixed-spaces-and-tabs
  116:2   error  Mixed spaces and tabs                                            no-mixed-spaces-and-tabs

C:\Users\ferre\Desktop\New folder\carteira\view\app.controller.js
   7:30  error  '$http' is defined but never used        no-unused-vars
   9:6   error  'vm' is assigned a value but never used  no-unused-vars
  18:2   error  Mixed spaces and tabs                    no-mixed-spaces-and-tabs
  19:2   error  Mixed spaces and tabs                    no-mixed-spaces-and-tabs

C:\Users\ferre\Desktop\New folder\carteira\view\carteira\carteira.controller.js
  68:36  error  'indice' is defined but never used  no-unused-vars

C:\Users\ferre\Desktop\New folder\carteira\view\relatorio\relatorio.controller.js
  9:6  error  'vm' is assigned a value but never used  no-unused-vars

✖ 17 problems (17 errors, 0 warnings)

